\BOOKMARK [0][-]{chapter.1}{Literature}{}
\BOOKMARK [0][-]{chapter.2}{History of film music and sound}{}
\BOOKMARK [1][-]{section.2.1}{Historical trends and paths}{chapter.2}
\BOOKMARK [2][-]{subsection.2.1.1}{Venues and ensembles}{section.2.1}
\BOOKMARK [2][-]{subsection.2.1.2}{Early Epics}{section.2.1}
\BOOKMARK [2][-]{subsection.2.1.3}{Music for comedy}{section.2.1}
\BOOKMARK [2][-]{subsection.2.1.4}{Music specifically for film}{section.2.1}
\BOOKMARK [2][-]{subsection.2.1.5}{The soundtrack}{section.2.1}
\BOOKMARK [1][-]{section.2.2}{Hollywood}{chapter.2}
\BOOKMARK [1][-]{section.2.3}{Key figures}{chapter.2}
\BOOKMARK [1][-]{section.2.4}{Sound of Cinema \(BBC\)}{chapter.2}
\BOOKMARK [2][-]{subsection.2.4.1}{episode 1}{section.2.4}
\BOOKMARK [2][-]{subsection.2.4.2}{episode 2}{section.2.4}
\BOOKMARK [2][-]{subsection.2.4.3}{episode 3}{section.2.4}
\BOOKMARK [1][-]{section.2.5}{Well known films and their composers}{chapter.2}
\BOOKMARK [1][-]{section.2.6}{Historical film music practice and analysis}{chapter.2}
\BOOKMARK [1][-]{section.2.7}{Three modes of listening}{chapter.2}
\BOOKMARK [1][-]{section.2.8}{Sound and silence}{chapter.2}
\BOOKMARK [2][-]{subsection.2.8.1}{The Punch}{section.2.8}
\BOOKMARK [2][-]{subsection.2.8.2}{Synchresis}{section.2.8}
\BOOKMARK [2][-]{subsection.2.8.3}{Space}{section.2.8}
\BOOKMARK [2][-]{subsection.2.8.4}{Time}{section.2.8}
\BOOKMARK [2][-]{subsection.2.8.5}{Phonogeny}{section.2.8}
\BOOKMARK [0][-]{chapter.3}{Case studies}{}
\BOOKMARK [1][-]{section.3.1}{Case Study 1: Michael Giacchino}{chapter.3}
\BOOKMARK [2][-]{subsection.3.1.1}{John Carter}{section.3.1}
\BOOKMARK [1][-]{section.3.2}{Case Study 2: Bernard Hermann}{chapter.3}
\BOOKMARK [0][-]{chapter.4}{Multimedia}{}
\BOOKMARK [0][-]{chapter.5}{Game audio}{}
\BOOKMARK [0][-]{chapter.6}{Film scoring examples}{}
